  Background.cpp
  Bullets.cpp
C:\Users\Katze\Documents\JuegoC++Git\JuegoPOO\Bullets.cpp(62,37): warning C4244: '=': conversión de 'double' a 'float'; posible pérdida de datos
C:\Users\Katze\Documents\JuegoC++Git\JuegoPOO\Bullets.cpp(75,54): warning C4244: '=': conversión de 'double' a 'float'; posible pérdida de datos
C:\Users\Katze\Documents\JuegoC++Git\JuegoPOO\Bullets.cpp(123,37): warning C4244: '=': conversión de 'double' a 'float'; posible pérdida de datos
C:\Users\Katze\Documents\JuegoC++Git\JuegoPOO\Bullets.cpp(136,54): warning C4244: '=': conversión de 'double' a 'float'; posible pérdida de datos
  Enemies.cpp
C:\Users\Katze\Documents\JuegoC++Git\JuegoPOO\Enemies.cpp(83,25): warning C4244: 'argumento': conversión de 'double' a 'float'; posible pérdida de datos
C:\Users\Katze\Documents\JuegoC++Git\JuegoPOO\Enemies.cpp(84,25): warning C4244: 'argumento': conversión de 'double' a 'float'; posible pérdida de datos
C:\Users\Katze\Documents\JuegoC++Git\JuegoPOO\Enemies.cpp(87,25): warning C4244: 'argumento': conversión de 'double' a 'float'; posible pérdida de datos
C:\Users\Katze\Documents\JuegoC++Git\JuegoPOO\Enemies.cpp(88,25): warning C4244: 'argumento': conversión de 'double' a 'float'; posible pérdida de datos
C:\Users\Katze\Documents\JuegoC++Git\JuegoPOO\Enemies.cpp(90,27): warning C4305: '-=': truncamiento de 'double' a 'float'
C:\Users\Katze\Documents\JuegoC++Git\JuegoPOO\Enemies.cpp(127,44): warning C4267: '=': conversión de 'size_t' a 'int'; posible pérdida de datos
C:\Users\Katze\Documents\JuegoC++Git\JuegoPOO\Enemies.cpp(269,54): warning C4244: '=': conversión de 'double' a 'float'; posible pérdida de datos
C:\Users\Katze\Documents\JuegoC++Git\JuegoPOO\Enemies.cpp(400,28): warning C4305: '=': truncamiento de 'double' a 'float'
C:\Users\Katze\Documents\JuegoC++Git\JuegoPOO\Enemies.cpp(405,28): warning C4305: '=': truncamiento de 'double' a 'float'
  Level.cpp
C:\Users\Katze\Documents\JuegoC++Git\JuegoPOO\Level.cpp(111,70): warning C4244: 'argumento': conversión de 'int' a 'float'; posible pérdida de datos
C:\Users\Katze\Documents\JuegoC++Git\JuegoPOO\Level.cpp(139,72): warning C4244: 'argumento': conversión de 'int' a 'float'; posible pérdida de datos
C:\Users\Katze\Documents\JuegoC++Git\JuegoPOO\Level.cpp(324,16): warning C4267: 'inicializando': conversión de 'size_t' a 'int'; posible pérdida de datos
C:\Users\Katze\Documents\JuegoC++Git\JuegoPOO\Level.cpp(330,16): warning C4267: 'inicializando': conversión de 'size_t' a 'int'; posible pérdida de datos
C:\Users\Katze\Documents\JuegoC++Git\JuegoPOO\Level.cpp(336,16): warning C4267: 'inicializando': conversión de 'size_t' a 'int'; posible pérdida de datos
C:\Users\Katze\Documents\JuegoC++Git\JuegoPOO\Level.cpp(342,16): warning C4267: 'inicializando': conversión de 'size_t' a 'int'; posible pérdida de datos
C:\Users\Katze\Documents\JuegoC++Git\JuegoPOO\Level.cpp(368,21): warning C4244: 'inicializando': conversión de 'double' a 'float'; posible pérdida de datos
C:\Users\Katze\Documents\JuegoC++Git\JuegoPOO\Level.cpp(373,121): warning C4244: 'argumento': conversión de 'double' a 'int'; posible pérdida de datos
C:\Users\Katze\Documents\JuegoC++Git\JuegoPOO\Level.cpp(389,230): warning C4244: 'argumento': conversión de 'double' a 'int'; posible pérdida de datos
C:\Users\Katze\Documents\JuegoC++Git\JuegoPOO\Level.cpp(390,230): warning C4244: 'argumento': conversión de 'double' a 'int'; posible pérdida de datos
C:\Users\Katze\Documents\JuegoC++Git\JuegoPOO\Level.cpp(465,16): warning C4267: 'inicializando': conversión de 'size_t' a 'int'; posible pérdida de datos
  Loader.cpp
C:\Users\Katze\Documents\JuegoC++Git\JuegoPOO\Loader.cpp(95,29): warning C4244: 'inicializando': conversión de 'double' a 'float'; posible pérdida de datos
C:\Users\Katze\Documents\JuegoC++Git\JuegoPOO\Loader.cpp(107,29): warning C4244: 'inicializando': conversión de 'double' a 'float'; posible pérdida de datos
C:\Users\Katze\Documents\JuegoC++Git\JuegoPOO\Loader.cpp(110,34): warning C4244: 'inicializando': conversión de 'double' a 'float'; posible pérdida de datos
C:\Users\Katze\Documents\JuegoC++Git\JuegoPOO\Loader.cpp(122,29): warning C4244: 'inicializando': conversión de 'double' a 'float'; posible pérdida de datos
C:\Users\Katze\Documents\JuegoC++Git\JuegoPOO\Loader.cpp(123,29): warning C4244: 'inicializando': conversión de 'double' a 'float'; posible pérdida de datos
C:\Users\Katze\Documents\JuegoC++Git\JuegoPOO\Loader.cpp(127,37): warning C4244: '=': conversión de 'double' a 'float'; posible pérdida de datos
C:\Users\Katze\Documents\JuegoC++Git\JuegoPOO\Loader.cpp(138,29): warning C4244: 'inicializando': conversión de 'double' a 'float'; posible pérdida de datos
C:\Users\Katze\Documents\JuegoC++Git\JuegoPOO\Loader.cpp(139,29): warning C4244: 'inicializando': conversión de 'double' a 'float'; posible pérdida de datos
C:\Users\Katze\Documents\JuegoC++Git\JuegoPOO\Loader.cpp(140,34): warning C4244: 'inicializando': conversión de 'double' a 'float'; posible pérdida de datos
C:\Users\Katze\Documents\JuegoC++Git\JuegoPOO\Loader.cpp(149,29): warning C4244: 'inicializando': conversión de 'double' a 'float'; posible pérdida de datos
C:\Users\Katze\Documents\JuegoC++Git\JuegoPOO\Loader.cpp(150,29): warning C4244: 'inicializando': conversión de 'double' a 'float'; posible pérdida de datos
C:\Users\Katze\Documents\JuegoC++Git\JuegoPOO\Loader.cpp(151,34): warning C4244: 'inicializando': conversión de 'double' a 'float'; posible pérdida de datos
  Menu.cpp
C:\Users\Katze\Documents\JuegoC++Git\JuegoPOO\Menu.cpp(121,38): warning C4244: 'argumento': conversión de 'float' a 'int'; posible pérdida de datos
C:\Users\Katze\Documents\JuegoC++Git\JuegoPOO\Menu.cpp(121,34): warning C4244: 'argumento': conversión de 'float' a 'int'; posible pérdida de datos
C:\Users\Katze\Documents\JuegoC++Git\JuegoPOO\Menu.cpp(125,38): warning C4244: 'argumento': conversión de 'float' a 'int'; posible pérdida de datos
C:\Users\Katze\Documents\JuegoC++Git\JuegoPOO\Menu.cpp(125,34): warning C4244: 'argumento': conversión de 'float' a 'int'; posible pérdida de datos
  Object.cpp
C:\Users\Katze\Documents\JuegoC++Git\JuegoPOO\Object.cpp(13,28): warning C4305: '=': truncamiento de 'double' a 'float'
C:\Users\Katze\Documents\JuegoC++Git\JuegoPOO\Object.cpp(24,28): warning C4305: '=': truncamiento de 'double' a 'float'
C:\Users\Katze\Documents\JuegoC++Git\JuegoPOO\Object.cpp(98,12): warning C4244: 'return': conversión de 'float' a 'int'; posible pérdida de datos
  Obstacle.cpp
C:\Users\Katze\Documents\JuegoC++Git\JuegoPOO\Obstacle.cpp(11,38): warning C4244: '=': conversión de 'int' a 'float'; posible pérdida de datos
C:\Users\Katze\Documents\JuegoC++Git\JuegoPOO\Obstacle.cpp(13,42): warning C4244: '=': conversión de 'int' a 'float'; posible pérdida de datos
C:\Users\Katze\Documents\JuegoC++Git\JuegoPOO\Obstacle.cpp(22,11): warning C4244: '=': conversión de 'int' a 'float'; posible pérdida de datos
C:\Users\Katze\Documents\JuegoC++Git\JuegoPOO\Obstacle.cpp(23,33): warning C4244: '=': conversión de 'int' a 'float'; posible pérdida de datos
C:\Users\Katze\Documents\JuegoC++Git\JuegoPOO\Obstacle.cpp(25,43): warning C4244: 'argumento': conversión de 'float' a 'int'; posible pérdida de datos
C:\Users\Katze\Documents\JuegoC++Git\JuegoPOO\Obstacle.cpp(25,42): warning C4244: '=': conversión de 'int' a 'float'; posible pérdida de datos
C:\Users\Katze\Documents\JuegoC++Git\JuegoPOO\Obstacle.cpp(27,46): warning C4244: 'argumento': conversión de 'float' a 'int'; posible pérdida de datos
C:\Users\Katze\Documents\JuegoC++Git\JuegoPOO\Obstacle.cpp(27,42): warning C4244: '=': conversión de 'int' a 'float'; posible pérdida de datos
C:\Users\Katze\Documents\JuegoC++Git\JuegoPOO\Obstacle.cpp(110,44): warning C4267: '=': conversión de 'size_t' a 'int'; posible pérdida de datos
C:\Users\Katze\Documents\JuegoC++Git\JuegoPOO\Obstacle.cpp(191,37): warning C4244: 'argumento': conversión de 'double' a 'int'; posible pérdida de datos
  Player.cpp
C:\Users\Katze\Documents\JuegoC++Git\JuegoPOO\Player.cpp(11,28): warning C4305: '=': truncamiento de 'double' a 'float'
C:\Users\Katze\Documents\JuegoC++Git\JuegoPOO\Player.cpp(138,44): warning C4267: '=': conversión de 'size_t' a 'int'; posible pérdida de datos
C:\Users\Katze\Documents\JuegoC++Git\JuegoPOO\Player.cpp(184,26): warning C4244: '=': conversión de 'double' a 'float'; posible pérdida de datos
  States.cpp
C:\Users\Katze\Documents\JuegoC++Git\JuegoPOO\States.cpp(40,38): warning C4244: '=': conversión de 'float' a 'int'; posible pérdida de datos
C:\Users\Katze\Documents\JuegoC++Git\JuegoPOO\States.cpp(102,57): warning C4244: '=': conversión de 'int' a 'float'; posible pérdida de datos
C:\Users\Katze\Documents\JuegoC++Git\JuegoPOO\States.cpp(111,29): warning C4244: 'inicializando': conversión de 'double' a 'float'; posible pérdida de datos
C:\Users\Katze\Documents\JuegoC++Git\JuegoPOO\States.cpp(116,131): warning C4244: 'argumento': conversión de 'double' a 'int'; posible pérdida de datos
C:\Users\Katze\Documents\JuegoC++Git\JuegoPOO\States.cpp(126,16): warning C4267: 'inicializando': conversión de 'size_t' a 'int'; posible pérdida de datos
  main.cpp
  Generando código...
  C++POOGameVisual.vcxproj -> C:\Users\Katze\Documents\JuegoC++Git\JuegoPOO\x64\Debug\C++POOGameVisual.exe
