c:\users\katze\documents\c++poogamevisual\c++poogamevisual\debug\vc143.pdb
c:\users\katze\documents\c++poogamevisual\c++poogamevisual\debug\vc143.idb
c:\users\katze\documents\c++poogamevisual\c++poogamevisual\debug\tinyxml2.obj
c:\users\katze\documents\c++poogamevisual\c++poogamevisual\debug\texts.obj
c:\users\katze\documents\c++poogamevisual\c++poogamevisual\debug\states.obj
c:\users\katze\documents\c++poogamevisual\c++poogamevisual\debug\player.obj
c:\users\katze\documents\c++poogamevisual\c++poogamevisual\debug\obstacle.obj
c:\users\katze\documents\c++poogamevisual\c++poogamevisual\debug\object.obj
c:\users\katze\documents\c++poogamevisual\c++poogamevisual\debug\menu.obj
c:\users\katze\documents\c++poogamevisual\c++poogamevisual\debug\main.obj
c:\users\katze\documents\c++poogamevisual\c++poogamevisual\debug\loader.obj
c:\users\katze\documents\c++poogamevisual\c++poogamevisual\debug\level.obj
c:\users\katze\documents\c++poogamevisual\c++poogamevisual\debug\enemies.obj
c:\users\katze\documents\c++poogamevisual\c++poogamevisual\debug\bullets.obj
c:\users\katze\documents\c++poogamevisual\c++poogamevisual\debug\background.obj
c:\users\katze\documents\c++poogamevisual\c++poogamevisual\debug\audioplayer.obj
c:\users\katze\documents\c++poogamevisual\c++poogamevisual\debug\c++poogamevisual.ilk
c:\users\katze\documents\c++poogamevisual\debug\c++poogamevisual.exe
c:\users\katze\documents\c++poogamevisual\debug\c++poogamevisual.pdb
c:\users\katze\documents\c++poogamevisual\c++poogamevisual\debug\c++poogamevisual.tlog\cl.command.1.tlog
c:\users\katze\documents\c++poogamevisual\c++poogamevisual\debug\c++poogamevisual.tlog\cl.items.tlog
c:\users\katze\documents\c++poogamevisual\c++poogamevisual\debug\c++poogamevisual.tlog\cl.read.1.tlog
c:\users\katze\documents\c++poogamevisual\c++poogamevisual\debug\c++poogamevisual.tlog\cl.write.1.tlog
c:\users\katze\documents\c++poogamevisual\c++poogamevisual\debug\c++poogamevisual.tlog\link.command.1.tlog
c:\users\katze\documents\c++poogamevisual\c++poogamevisual\debug\c++poogamevisual.tlog\link.read.1.tlog
c:\users\katze\documents\c++poogamevisual\c++poogamevisual\debug\c++poogamevisual.tlog\link.write.1.tlog
